<?xml version="1.0" encoding="UTF-8"?>
<!-- Generated by org.testng.reporters.JUnitReportReporter -->
<testsuite skipped="0" hostname="NguyenBaoKhanh" name="demo_testNG.intro_testNG" tests="1" failures="0" timestamp="2023-05-03T10:13:26 ICT" time="0.005" errors="0">
  <testcase name="print_hello" time="0.005" classname="demo_testNG.intro_testNG"/>
  <system-out/>
</testsuite> <!-- demo_testNG.intro_testNG -->
